Unity Editor version:    2021.3.4f1 (cb45f9cae8b7)
Branch:                  2021.3/staging
Build type:              Release
Batch mode:              YES
macOS version:           Version 12.5.1 (Build 21G83)
Darwin version:          21.6.0
Architecture:            x86_64
Running under Rosetta:   NO
Available memory:        40960 MB
Using pre-set license
Pro License: YES

COMMAND LINE ARGUMENTS:
/Applications/Unity/Hub/Editor/2021.3.4f1/Unity.app/Contents/MacOS/Unity
-adb2
-batchMode
-noUpm
-name
AssetImportWorker2
-projectPath
/Users/bill/Downloads/08-Lighting
-logFile
Logs/AssetImportWorker2.log
-srvPort
64929
Successfully changed project path to: /Users/bill/Downloads/08-Lighting
/Users/bill/Downloads/08-Lighting
[UnityMemory] Configuration Parameters - Can be set up in boot.config
    "memorysetup-bucket-allocator-granularity=16"
    "memorysetup-bucket-allocator-bucket-count=8"
    "memorysetup-bucket-allocator-block-size=33554432"
    "memorysetup-bucket-allocator-block-count=8"
    "memorysetup-main-allocator-block-size=16777216"
    "memorysetup-thread-allocator-block-size=16777216"
    "memorysetup-gfx-main-allocator-block-size=16777216"
    "memorysetup-gfx-thread-allocator-block-size=16777216"
    "memorysetup-cache-allocator-block-size=4194304"
    "memorysetup-typetree-allocator-block-size=2097152"
    "memorysetup-profiler-bucket-allocator-granularity=16"
    "memorysetup-profiler-bucket-allocator-bucket-count=8"
    "memorysetup-profiler-bucket-allocator-block-size=33554432"
    "memorysetup-profiler-bucket-allocator-block-count=8"
    "memorysetup-profiler-allocator-block-size=16777216"
    "memorysetup-profiler-editor-allocator-block-size=1048576"
    "memorysetup-temp-allocator-size-main=16777216"
    "memorysetup-job-temp-allocator-block-size=2097152"
    "memorysetup-job-temp-allocator-block-size-background=1048576"
    "memorysetup-job-temp-allocator-reduction-small-platforms=262144"
    "memorysetup-temp-allocator-size-background-worker=32768"
    "memorysetup-temp-allocator-size-job-worker=262144"
    "memorysetup-temp-allocator-size-preload-manager=33554432"
    "memorysetup-temp-allocator-size-nav-mesh-worker=65536"
    "memorysetup-temp-allocator-size-audio-worker=65536"
    "memorysetup-temp-allocator-size-cloud-worker=32768"
    "memorysetup-temp-allocator-size-gi-baking-worker=262144"
    "memorysetup-temp-allocator-size-gfx=262144"
Refreshing native plugins compatible for Editor in 30.78 ms, found 2 plugins.
Preloading 0 native plugins for Editor in 0.00 ms.
Initialize engine version: 2021.3.4f1 (cb45f9cae8b7)
[Subsystems] Discovering subsystems at path /Applications/Unity/Hub/Editor/2021.3.4f1/Unity.app/Contents/Resources/UnitySubsystems
[Subsystems] Discovering subsystems at path /Users/bill/Downloads/08-Lighting/Assets
GfxDevice: creating device client; threaded=0; jobified=0
iMac preferred device: AMD Radeon Pro 5300 (high power)
Metal devices available: 1
0: AMD Radeon Pro 5300 (high power)
Using device AMD Radeon Pro 5300 (high power)
Initializing Metal device caps: AMD Radeon Pro 5300
Initialize mono
Mono path[0] = '/Applications/Unity/Hub/Editor/2021.3.4f1/Unity.app/Contents/Managed'
Mono path[1] = '/Applications/Unity/Hub/Editor/2021.3.4f1/Unity.app/Contents/MonoBleedingEdge/lib/mono/unityjit-macos'
Mono config path = '/Applications/Unity/Hub/Editor/2021.3.4f1/Unity.app/Contents/MonoBleedingEdge/etc'
Using monoOptions --debugger-agent=transport=dt_socket,embedding=1,server=y,suspend=n,address=127.0.0.1:56694
Begin MonoManager ReloadAssembly
Registering precompiled unity dll's ...
Register platform support module: /Applications/Unity/Hub/Editor/2021.3.4f1/PlaybackEngines/WebGLSupport/UnityEditor.WebGL.Extensions.dll
Register platform support module: /Applications/Unity/Hub/Editor/2021.3.4f1/Unity.app/Contents/PlaybackEngines/MacStandaloneSupport/UnityEditor.OSXStandalone.Extensions.dll
Registered in 0.002912 seconds.
Native extension for OSXStandalone target not found
Native extension for WebGL target not found
Refreshing native plugins compatible for Editor in 38.49 ms, found 2 plugins.
Preloading 0 native plugins for Editor in 0.00 ms.
Mono: successfully reloaded assembly
- Completed reload, in  0.965 seconds
Domain Reload Profiling:
	ReloadAssembly (965ms)
		BeginReloadAssembly (134ms)
			ExecutionOrderSort (0ms)
			DisableScriptedObjects (0ms)
			BackupInstance (0ms)
			ReleaseScriptingObjects (0ms)
			CreateAndSetChildDomain (1ms)
		EndReloadAssembly (650ms)
			LoadAssemblies (136ms)
			RebuildTransferFunctionScriptingTraits (0ms)
			SetupTypeCache (184ms)
			ReleaseScriptCaches (0ms)
			RebuildScriptCaches (52ms)
			SetupLoadedEditorAssemblies (341ms)
				LogAssemblyErrors (0ms)
				InitializePlatformSupportModulesInManaged (9ms)
				SetLoadedEditorAssemblies (0ms)
				RefreshPlugins (39ms)
				BeforeProcessingInitializeOnLoad (2ms)
				ProcessInitializeOnLoadAttributes (227ms)
				ProcessInitializeOnLoadMethodAttributes (63ms)
				AfterProcessingInitializeOnLoad (0ms)
				EditorAssembliesLoaded (0ms)
			ExecutionOrderSort2 (0ms)
			AwakeInstancesAfterBackupRestoration (0ms)
Platform modules already initialized, skipping
Registering precompiled user dll's ...
Registered in 0.003763 seconds.
Begin MonoManager ReloadAssembly
Native extension for OSXStandalone target not found
Native extension for WebGL target not found
Refreshing native plugins compatible for Editor in 0.39 ms, found 2 plugins.
Preloading 0 native plugins for Editor in 0.00 ms.
Mono: successfully reloaded assembly
- Completed reload, in  1.098 seconds
Domain Reload Profiling:
	ReloadAssembly (1099ms)
		BeginReloadAssembly (108ms)
			ExecutionOrderSort (0ms)
			DisableScriptedObjects (7ms)
			BackupInstance (0ms)
			ReleaseScriptingObjects (0ms)
			CreateAndSetChildDomain (29ms)
		EndReloadAssembly (823ms)
			LoadAssemblies (70ms)
			RebuildTransferFunctionScriptingTraits (0ms)
			SetupTypeCache (255ms)
			ReleaseScriptCaches (0ms)
			RebuildScriptCaches (55ms)
			SetupLoadedEditorAssemblies (381ms)
				LogAssemblyErrors (0ms)
				InitializePlatformSupportModulesInManaged (6ms)
				SetLoadedEditorAssemblies (1ms)
				RefreshPlugins (0ms)
				BeforeProcessingInitializeOnLoad (52ms)
				ProcessInitializeOnLoadAttributes (287ms)
				ProcessInitializeOnLoadMethodAttributes (34ms)
				AfterProcessingInitializeOnLoad (1ms)
				EditorAssembliesLoaded (0ms)
			ExecutionOrderSort2 (0ms)
			AwakeInstancesAfterBackupRestoration (5ms)
Platform modules already initialized, skipping
========================================================================
Worker process is ready to serve import requests
Launching external process: /Applications/Unity/Hub/Editor/2021.3.4f1/Unity.app/Contents/Tools/UnityShaderCompiler
Launched and connected shader compiler UnityShaderCompiler after 0.06 seconds
Refreshing native plugins compatible for Editor in 0.33 ms, found 2 plugins.
Preloading 0 native plugins for Editor in 0.00 ms.
Unloading 1673 Unused Serialized files (Serialized files now loaded: 0)
Unloading 19 unused Assets / (35.2 KB). Loaded Objects now: 2137.
Memory consumption went from 161.7 MB to 161.6 MB.
Total: 2.972335 ms (FindLiveObjects: 0.200760 ms CreateObjectMapping: 0.090354 ms MarkObjects: 2.594021 ms  DeleteObjects: 0.086141 ms)

AssetImportParameters requested are different than current active one (requested -> active):
  custom:video-decoder-ogg-theora: a1e56fd34408186e4bbccfd4996cb3dc -> 
  custom:container-muxer-webm: aa71ff27fc2769a1b78a27578f13a17b -> 
  custom:container-demuxer-webm: 4f35f7cbe854078d1ac9338744f61a02 -> 
  custom:video-encoder-webm-vp8: eb34c28f22e8b96e1ab97ce403110664 -> 
  custom:framework-osx-AVFoundation: e770b220cccbd017edd2c1fefb359320 -> 
  custom:audio-encoder-webm-vorbis: bf7c407c2cedff20999df2af8eb42d56 -> 
  custom:container-demuxer-ogg: 62fdf1f143b41e24485cea50d1cbac27 -> 
  custom:video-decoder-webm-vp8: 9c59270c3fd7afecdb556c50c9e8de78 -> 
  custom:audio-decoder-ogg-vorbis: bf7c407c2cedff20999df2af8eb42d56 -> 
========================================================================
Received Import Request.
  Time since last request: 4795344.716049 seconds.
  path: Assets/Scenes/Models/Mobile/mobile_arch.fbx
  artifactKey: Guid(64beab2c32bc04bb4b65827f9fa3778f) Importer(815301076,1909f56bfc062723c751e8b465ee728b)
Start importing Assets/Scenes/Models/Mobile/mobile_arch.fbx using Guid(64beab2c32bc04bb4b65827f9fa3778f) Importer(815301076,1909f56bfc062723c751e8b465ee728b)  -> (artifact id: '6d8595478376d358aa7ac283fbcfe379') in 0.329422 seconds 
========================================================================
Received Import Request.
  Time since last request: 0.000067 seconds.
  path: Assets/Scenes/Models/Mobile/mobile_scaffolding_07.fbx
  artifactKey: Guid(7cb48c9e72be34cacb3a76810e2bf7f5) Importer(815301076,1909f56bfc062723c751e8b465ee728b)
Start importing Assets/Scenes/Models/Mobile/mobile_scaffolding_07.fbx using Guid(7cb48c9e72be34cacb3a76810e2bf7f5) Importer(815301076,1909f56bfc062723c751e8b465ee728b)  -> (artifact id: 'd3ef532566ebbedac336289c86fe183c') in 0.036913 seconds 
========================================================================
Received Import Request.
  Time since last request: 0.000080 seconds.
  path: Assets/Scenes/Models/Mobile/mobile_lower_wall_convex.fbx
  artifactKey: Guid(ef07586eac5b248a8aed1b40b96a308f) Importer(815301076,1909f56bfc062723c751e8b465ee728b)
Start importing Assets/Scenes/Models/Mobile/mobile_lower_wall_convex.fbx using Guid(ef07586eac5b248a8aed1b40b96a308f) Importer(815301076,1909f56bfc062723c751e8b465ee728b)  -> (artifact id: '7b0303ec53a4f51772d980e081c4507a') in 0.023197 seconds 
========================================================================
Received Import Request.
  Time since last request: 0.000064 seconds.
  path: Assets/Scenes/Models/Mobile/mobile_skeleton_01.fbx
  artifactKey: Guid(a3b77e5f70f6942d5b612fca3c4725f0) Importer(815301076,1909f56bfc062723c751e8b465ee728b)
Start importing Assets/Scenes/Models/Mobile/mobile_skeleton_01.fbx using Guid(a3b77e5f70f6942d5b612fca3c4725f0) Importer(815301076,1909f56bfc062723c751e8b465ee728b)  -> (artifact id: '6e1c0214264234843984b053d6ffee51') in 0.527176 seconds 
========================================================================
Received Import Request.
  Time since last request: 0.000113 seconds.
  path: Assets/Scenes/Models/Mobile/mobile_step_wall_01.fbx
  artifactKey: Guid(44bd6663e1ab342e382c41050ca3069f) Importer(815301076,1909f56bfc062723c751e8b465ee728b)
Start importing Assets/Scenes/Models/Mobile/mobile_step_wall_01.fbx using Guid(44bd6663e1ab342e382c41050ca3069f) Importer(815301076,1909f56bfc062723c751e8b465ee728b)  -> (artifact id: '4a5eb83f5321acf9ab82da2367c2a47c') in 0.029843 seconds 
========================================================================
Received Import Request.
  Time since last request: 0.000060 seconds.
  path: Assets/Scenes/Models/Mobile/mobile_pillar_03.fbx
  artifactKey: Guid(a9da9b288b5bc4d7797ddd9bd033dfb0) Importer(815301076,1909f56bfc062723c751e8b465ee728b)
Start importing Assets/Scenes/Models/Mobile/mobile_pillar_03.fbx using Guid(a9da9b288b5bc4d7797ddd9bd033dfb0) Importer(815301076,1909f56bfc062723c751e8b465ee728b)  -> (artifact id: '14033d7d0fa26a4e99a8c01ddd63908d') in 0.027646 seconds 
========================================================================
Received Import Request.
  Time since last request: 0.000066 seconds.
  path: Assets/Scenes/Models/Mobile/mobile_house.fbx
  artifactKey: Guid(9bd1acd418029409394112ed80c4c028) Importer(815301076,1909f56bfc062723c751e8b465ee728b)
Start importing Assets/Scenes/Models/Mobile/mobile_house.fbx using Guid(9bd1acd418029409394112ed80c4c028) Importer(815301076,1909f56bfc062723c751e8b465ee728b)  -> (artifact id: '7e6a3eab7770ccb8b9bf084c7d7dd79f') in 0.027265 seconds 
========================================================================
Received Import Request.
  Time since last request: 0.000086 seconds.
  path: Assets/Scenes/Models/Mobile/mobile_stair_tile_2_wide.fbx
  artifactKey: Guid(4689530a03070416bb041cfc4145d411) Importer(815301076,1909f56bfc062723c751e8b465ee728b)
Start importing Assets/Scenes/Models/Mobile/mobile_stair_tile_2_wide.fbx using Guid(4689530a03070416bb041cfc4145d411) Importer(815301076,1909f56bfc062723c751e8b465ee728b)  -> (artifact id: 'a5cb9bab7394e36b079c55ef0cd25580') in 0.030564 seconds 
========================================================================
Received Import Request.
  Time since last request: 0.000079 seconds.
  path: Assets/Scenes/Models/Mobile/mobile_pole_06.fbx
  artifactKey: Guid(0b42b59f824134eb4a8ef75668ac9241) Importer(815301076,1909f56bfc062723c751e8b465ee728b)
Start importing Assets/Scenes/Models/Mobile/mobile_pole_06.fbx using Guid(0b42b59f824134eb4a8ef75668ac9241) Importer(815301076,1909f56bfc062723c751e8b465ee728b)  -> (artifact id: 'ac0d2c66a9c89a57d0ac835af20f4210') in 0.025684 seconds 
========================================================================
Received Import Request.
  Time since last request: 0.000079 seconds.
  path: Assets/Scenes/Models/Mobile/mobile_stone_head_01.fbx
  artifactKey: Guid(88be5c08fb6f2441584c411d0536c847) Importer(815301076,1909f56bfc062723c751e8b465ee728b)
Start importing Assets/Scenes/Models/Mobile/mobile_stone_head_01.fbx using Guid(88be5c08fb6f2441584c411d0536c847) Importer(815301076,1909f56bfc062723c751e8b465ee728b)  -> (artifact id: '87aa3379e41fad5410b9e707b69c76e0') in 0.027826 seconds 
========================================================================
Received Import Request.
  Time since last request: 0.000052 seconds.
  path: Assets/Scenes/Models/Mobile/mobile_floor_divider_01.fbx
  artifactKey: Guid(3e537e0bea1b0497e8bd0041c6591ab1) Importer(815301076,1909f56bfc062723c751e8b465ee728b)
Start importing Assets/Scenes/Models/Mobile/mobile_floor_divider_01.fbx using Guid(3e537e0bea1b0497e8bd0041c6591ab1) Importer(815301076,1909f56bfc062723c751e8b465ee728b)  -> (artifact id: '0bf17198707b361631d21d8e6ba67b7b') in 0.042272 seconds 
========================================================================
Received Import Request.
  Time since last request: 0.000105 seconds.
  path: Assets/Scenes/Models/Mobile/mobile_step_wall_pillar.fbx
  artifactKey: Guid(b1116571e66e141eba1cd8b6299415d9) Importer(815301076,1909f56bfc062723c751e8b465ee728b)
Start importing Assets/Scenes/Models/Mobile/mobile_step_wall_pillar.fbx using Guid(b1116571e66e141eba1cd8b6299415d9) Importer(815301076,1909f56bfc062723c751e8b465ee728b)  -> (artifact id: 'f4d5081a8f3f6aedf29e5b161df0f5c8') in 0.024952 seconds 
========================================================================
Received Import Request.
  Time since last request: 0.000055 seconds.
  path: Assets/Scenes/Models/Mobile/mobile_skull_01_b.fbx
  artifactKey: Guid(faf4522a1f6334004a7d035920bdc3df) Importer(815301076,1909f56bfc062723c751e8b465ee728b)
Start importing Assets/Scenes/Models/Mobile/mobile_skull_01_b.fbx using Guid(faf4522a1f6334004a7d035920bdc3df) Importer(815301076,1909f56bfc062723c751e8b465ee728b)  -> (artifact id: '89f1bbc95aed5cad1cb3f55b6ddea258') in 0.026133 seconds 
========================================================================
Received Import Request.
  Time since last request: 0.000076 seconds.
  path: Assets/Scenes/Models/Mobile/mobile_lower_wall_tile.fbx
  artifactKey: Guid(db8a8a84ebfbc4d3a8ee88965ea9e767) Importer(815301076,1909f56bfc062723c751e8b465ee728b)
Start importing Assets/Scenes/Models/Mobile/mobile_lower_wall_tile.fbx using Guid(db8a8a84ebfbc4d3a8ee88965ea9e767) Importer(815301076,1909f56bfc062723c751e8b465ee728b)  -> (artifact id: '1d6f38493b5fef9caf59c20f79154da6') in 0.024800 seconds 
========================================================================
Received Import Request.
  Time since last request: 0.000069 seconds.
  path: Assets/Scenes/Models/Mobile/mobile_skull_02.fbx
  artifactKey: Guid(fa2990dac41e143049d19d4eb1d85961) Importer(815301076,1909f56bfc062723c751e8b465ee728b)
Start importing Assets/Scenes/Models/Mobile/mobile_skull_02.fbx using Guid(fa2990dac41e143049d19d4eb1d85961) Importer(815301076,1909f56bfc062723c751e8b465ee728b)  -> (artifact id: '13704db417d1b7752786f8e241a13703') in 0.026544 seconds 
========================================================================
Received Import Request.
  Time since last request: 0.000070 seconds.
  path: Assets/Scenes/Models/Mobile/mobile_floor_02.fbx
  artifactKey: Guid(b4b113e1d399f495b95272328c59ca72) Importer(815301076,1909f56bfc062723c751e8b465ee728b)
Start importing Assets/Scenes/Models/Mobile/mobile_floor_02.fbx using Guid(b4b113e1d399f495b95272328c59ca72) Importer(815301076,1909f56bfc062723c751e8b465ee728b)  -> (artifact id: '1ce03fe557f868840e2f6f2cfa5a4584') in 0.024961 seconds 
========================================================================
Received Import Request.
  Time since last request: 4.818083 seconds.
  path: Assets/Models/Mobile/mobile_arch.fbx
  artifactKey: Guid(64beab2c32bc04bb4b65827f9fa3778f) Importer(815301076,1909f56bfc062723c751e8b465ee728b)
Start importing Assets/Models/Mobile/mobile_arch.fbx using Guid(64beab2c32bc04bb4b65827f9fa3778f) Importer(815301076,1909f56bfc062723c751e8b465ee728b)  -> (artifact id: '74186be3b50b89b0335a6836e6a47066') in 0.026330 seconds 
========================================================================
Received Import Request.
  Time since last request: 0.000063 seconds.
  path: Assets/Models/Standard/floor_03_plane.fbx
  artifactKey: Guid(b805345886b9349b0ac6afb2113a2c7a) Importer(815301076,1909f56bfc062723c751e8b465ee728b)
Start importing Assets/Models/Standard/floor_03_plane.fbx using Guid(b805345886b9349b0ac6afb2113a2c7a) Importer(815301076,1909f56bfc062723c751e8b465ee728b)  -> (artifact id: '78ed3ef081c1537d028aa13b748e4a47') in 0.022465 seconds 
========================================================================
Received Import Request.
  Time since last request: 0.000060 seconds.
  path: Assets/Models/Mobile/mobile_wood_plank_02.fbx
  artifactKey: Guid(c4b1389b98e6144e3be78d72bcb51da6) Importer(815301076,1909f56bfc062723c751e8b465ee728b)
Start importing Assets/Models/Mobile/mobile_wood_plank_02.fbx using Guid(c4b1389b98e6144e3be78d72bcb51da6) Importer(815301076,1909f56bfc062723c751e8b465ee728b)  -> (artifact id: '2fd349506d5019359755f8bde6cd66d7') in 0.020638 seconds 
========================================================================
Received Import Request.
  Time since last request: 0.000077 seconds.
  path: Assets/Models/Mobile/mobile_stair_top_2_wide.fbx
  artifactKey: Guid(be3da8b6b1a8144f1845fb3087344d11) Importer(815301076,1909f56bfc062723c751e8b465ee728b)
Start importing Assets/Models/Mobile/mobile_stair_top_2_wide.fbx using Guid(be3da8b6b1a8144f1845fb3087344d11) Importer(815301076,1909f56bfc062723c751e8b465ee728b)  -> (artifact id: '18c68e0db1f8ccc15ccfff65f9f32971') in 0.022959 seconds 
========================================================================
Received Import Request.
  Time since last request: 0.000044 seconds.
  path: Assets/Models/Standard/pillar_small_segment.fbx
  artifactKey: Guid(0e9a520b017704fb4b55bd63696fa504) Importer(815301076,1909f56bfc062723c751e8b465ee728b)
Start importing Assets/Models/Standard/pillar_small_segment.fbx using Guid(0e9a520b017704fb4b55bd63696fa504) Importer(815301076,1909f56bfc062723c751e8b465ee728b)  -> (artifact id: 'e849c5366b90a8c4a087c6744d4c5dfe') in 0.027325 seconds 
========================================================================
Received Import Request.
  Time since last request: 0.000064 seconds.
  path: Assets/Models/Mobile/mobile_pole_02.fbx
  artifactKey: Guid(6f1fe4b79f9c84d27a1b67ec06cc2123) Importer(815301076,1909f56bfc062723c751e8b465ee728b)
Start importing Assets/Models/Mobile/mobile_pole_02.fbx using Guid(6f1fe4b79f9c84d27a1b67ec06cc2123) Importer(815301076,1909f56bfc062723c751e8b465ee728b)  -> (artifact id: 'aaa157033b9edc9238b370a0784d038e') in 0.026273 seconds 
========================================================================
Received Import Request.
  Time since last request: 0.000057 seconds.
  path: Assets/Models/Mobile/mobile_pillar_small_top.fbx
  artifactKey: Guid(ac438fb0d5e65448dbe3262cb175d759) Importer(815301076,1909f56bfc062723c751e8b465ee728b)
Start importing Assets/Models/Mobile/mobile_pillar_small_top.fbx using Guid(ac438fb0d5e65448dbe3262cb175d759) Importer(815301076,1909f56bfc062723c751e8b465ee728b)  -> (artifact id: '34a58bcd9b8cd7713e0a1606b1160f56') in 0.023032 seconds 
========================================================================
Received Import Request.
  Time since last request: 0.000057 seconds.
  path: Assets/Models/Mobile/mobile_scaffolding_02.fbx
  artifactKey: Guid(8a76c68a2333c4d0abc8409afbfd4b66) Importer(815301076,1909f56bfc062723c751e8b465ee728b)
Start importing Assets/Models/Mobile/mobile_scaffolding_02.fbx using Guid(8a76c68a2333c4d0abc8409afbfd4b66) Importer(815301076,1909f56bfc062723c751e8b465ee728b)  -> (artifact id: '5197350a6c1768c8e4972e49a342c059') in 0.027371 seconds 
========================================================================
Received Import Request.
  Time since last request: 0.000056 seconds.
  path: Assets/Models/Mobile/mobile_entrance.fbx
  artifactKey: Guid(fac3c51cd6297474b81a9567767faecd) Importer(815301076,1909f56bfc062723c751e8b465ee728b)
Start importing Assets/Models/Mobile/mobile_entrance.fbx using Guid(fac3c51cd6297474b81a9567767faecd) Importer(815301076,1909f56bfc062723c751e8b465ee728b)  -> (artifact id: '3140edebe177ed507bce48fe0da524de') in 0.042130 seconds 
========================================================================
Received Import Request.
  Time since last request: 0.000066 seconds.
  path: Assets/Models/Mobile/mobile_floor_divider_02.fbx
  artifactKey: Guid(ee10a32db3f654c1faf2e975f2be0c4f) Importer(815301076,1909f56bfc062723c751e8b465ee728b)
Start importing Assets/Models/Mobile/mobile_floor_divider_02.fbx using Guid(ee10a32db3f654c1faf2e975f2be0c4f) Importer(815301076,1909f56bfc062723c751e8b465ee728b)  -> (artifact id: 'f182cd5c629e977cf7a0ed36f7f6c6ed') in 0.051509 seconds 
========================================================================
Received Import Request.
  Time since last request: 0.002139 seconds.
  path: Assets/Models/Standard/floor_04.fbx
  artifactKey: Guid(3c0a3d0c2780a4d55b486559e5075fe8) Importer(815301076,1909f56bfc062723c751e8b465ee728b)
Start importing Assets/Models/Standard/floor_04.fbx using Guid(3c0a3d0c2780a4d55b486559e5075fe8) Importer(815301076,1909f56bfc062723c751e8b465ee728b)  -> (artifact id: '69457ba918b452663bae3e64e42ae102') in 0.026742 seconds 
========================================================================
Received Import Request.
  Time since last request: 0.000059 seconds.
  path: Assets/Models/Mobile/mobile_lower_wall_convex.fbx
  artifactKey: Guid(ef07586eac5b248a8aed1b40b96a308f) Importer(815301076,1909f56bfc062723c751e8b465ee728b)
Start importing Assets/Models/Mobile/mobile_lower_wall_convex.fbx using Guid(ef07586eac5b248a8aed1b40b96a308f) Importer(815301076,1909f56bfc062723c751e8b465ee728b)  -> (artifact id: '0b7930db6ada195f483d0ebf0735f168') in 0.023786 seconds 
========================================================================
Received Import Request.
  Time since last request: 0.000055 seconds.
  path: Assets/Models/Mobile/mobile_wood_plank_01.fbx
  artifactKey: Guid(9ad3d606b56ce4d0a92f009191be0d6c) Importer(815301076,1909f56bfc062723c751e8b465ee728b)
Start importing Assets/Models/Mobile/mobile_wood_plank_01.fbx using Guid(9ad3d606b56ce4d0a92f009191be0d6c) Importer(815301076,1909f56bfc062723c751e8b465ee728b)  -> (artifact id: '9953b2aefebdc37063a98c489eaea386') in 0.024861 seconds 
========================================================================
Received Import Request.
  Time since last request: 0.000058 seconds.
  path: Assets/Models/Standard/lower_wall_convex.fbx
  artifactKey: Guid(5451cb8c0b0b94e2aaf8b0c7f04598fd) Importer(815301076,1909f56bfc062723c751e8b465ee728b)
Start importing Assets/Models/Standard/lower_wall_convex.fbx using Guid(5451cb8c0b0b94e2aaf8b0c7f04598fd) Importer(815301076,1909f56bfc062723c751e8b465ee728b)  -> (artifact id: 'dcd36feb2b75f4f42afaf5539902df70') in 0.027071 seconds 
========================================================================
Received Import Request.
  Time since last request: 0.000182 seconds.
  path: Assets/Models/Standard/floor_01_plane.fbx
  artifactKey: Guid(c2c093a0e8f024f589036c9253ddc46a) Importer(815301076,1909f56bfc062723c751e8b465ee728b)
Start importing Assets/Models/Standard/floor_01_plane.fbx using Guid(c2c093a0e8f024f589036c9253ddc46a) Importer(815301076,1909f56bfc062723c751e8b465ee728b)  -> (artifact id: '57ccff11739b793b6b0c8531aca0485d') in 0.047307 seconds 
========================================================================
Received Import Request.
  Time since last request: 0.000054 seconds.
  path: Assets/Models/Mobile/mobile_tree_02.fbx
  artifactKey: Guid(9124851aa09894c5899db5d4f23e76a3) Importer(815301076,1909f56bfc062723c751e8b465ee728b)
Start importing Assets/Models/Mobile/mobile_tree_02.fbx using Guid(9124851aa09894c5899db5d4f23e76a3) Importer(815301076,1909f56bfc062723c751e8b465ee728b)  -> (artifact id: 'b268095f2ee8d43c4b6464d706fc3957') in 0.037937 seconds 
========================================================================
Received Import Request.
  Time since last request: 0.000053 seconds.
  path: Assets/Models/Mobile/mobile_skull_01.fbx
  artifactKey: Guid(955609efbfb4d4aa08358aa9449b2395) Importer(815301076,1909f56bfc062723c751e8b465ee728b)
Start importing Assets/Models/Mobile/mobile_skull_01.fbx using Guid(955609efbfb4d4aa08358aa9449b2395) Importer(815301076,1909f56bfc062723c751e8b465ee728b)  -> (artifact id: '8f99245c0cc2e2166ad7ceb949a1f2c6') in 0.021306 seconds 
========================================================================
Received Import Request.
  Time since last request: 0.000053 seconds.
  path: Assets/Models/Standard/floor_divider_hub.fbx
  artifactKey: Guid(e8c9c3a0916c040aeb5a6742dd6efca1) Importer(815301076,1909f56bfc062723c751e8b465ee728b)
Start importing Assets/Models/Standard/floor_divider_hub.fbx using Guid(e8c9c3a0916c040aeb5a6742dd6efca1) Importer(815301076,1909f56bfc062723c751e8b465ee728b)  -> (artifact id: '5c94f203a84e98699eac0dc8e9d6e24d') in 0.023685 seconds 
========================================================================
Received Import Request.
  Time since last request: 0.000060 seconds.
  path: Assets/Models/Mobile/mobile_floor_01.fbx
  artifactKey: Guid(d4aba4894786946fcbdcd08c47c95d0c) Importer(815301076,1909f56bfc062723c751e8b465ee728b)
Start importing Assets/Models/Mobile/mobile_floor_01.fbx using Guid(d4aba4894786946fcbdcd08c47c95d0c) Importer(815301076,1909f56bfc062723c751e8b465ee728b)  -> (artifact id: '5d07d9577a1d55db615c9c8e4e6487fe') in 0.021635 seconds 
========================================================================
Received Import Request.
  Time since last request: 0.000052 seconds.
  path: Assets/Models/Standard/bone_01.fbx
  artifactKey: Guid(d14a7a59bfc09467491555dc69c1d152) Importer(815301076,1909f56bfc062723c751e8b465ee728b)
Start importing Assets/Models/Standard/bone_01.fbx using Guid(d14a7a59bfc09467491555dc69c1d152) Importer(815301076,1909f56bfc062723c751e8b465ee728b)  -> (artifact id: '23f16a3d61984a4d1adcaa1d1d8d82fb') in 0.023817 seconds 
========================================================================
Received Import Request.
  Time since last request: 0.000064 seconds.
  path: Assets/Models/Standard/pillar_small_top.fbx
  artifactKey: Guid(80ebde7c5730548be97bc91949df3922) Importer(815301076,1909f56bfc062723c751e8b465ee728b)
Start importing Assets/Models/Standard/pillar_small_top.fbx using Guid(80ebde7c5730548be97bc91949df3922) Importer(815301076,1909f56bfc062723c751e8b465ee728b)  -> (artifact id: '49b3bf38c2c38137f23890ab24527bf5') in 0.021401 seconds 
========================================================================
Received Import Request.
  Time since last request: 0.000052 seconds.
  path: Assets/Models/Standard/floor_01.fbx
  artifactKey: Guid(bffccba9d5a1841c6a46a262528da625) Importer(815301076,1909f56bfc062723c751e8b465ee728b)
Start importing Assets/Models/Standard/floor_01.fbx using Guid(bffccba9d5a1841c6a46a262528da625) Importer(815301076,1909f56bfc062723c751e8b465ee728b)  -> (artifact id: '3ca3758b5af5de22044ee41f08f4ea6a') in 0.021233 seconds 
========================================================================
Received Import Request.
  Time since last request: 0.000066 seconds.
  path: Assets/Models/Mobile/mobile_pillar_03.fbx
  artifactKey: Guid(a9da9b288b5bc4d7797ddd9bd033dfb0) Importer(815301076,1909f56bfc062723c751e8b465ee728b)
Start importing Assets/Models/Mobile/mobile_pillar_03.fbx using Guid(a9da9b288b5bc4d7797ddd9bd033dfb0) Importer(815301076,1909f56bfc062723c751e8b465ee728b)  -> (artifact id: '26177b3633e013dfba2042e4cea8d901') in 0.021371 seconds 
========================================================================
Received Import Request.
  Time since last request: 0.000055 seconds.
  path: Assets/Models/Mobile/mobile_house.fbx
  artifactKey: Guid(9bd1acd418029409394112ed80c4c028) Importer(815301076,1909f56bfc062723c751e8b465ee728b)
Start importing Assets/Models/Mobile/mobile_house.fbx using Guid(9bd1acd418029409394112ed80c4c028) Importer(815301076,1909f56bfc062723c751e8b465ee728b)  -> (artifact id: '32b955ab3de8f44631aad9688714da12') in 0.022696 seconds 
========================================================================
Received Import Request.
  Time since last request: 0.000065 seconds.
  path: Assets/Models/Mobile/mobile_stair_tile_2_wide.fbx
  artifactKey: Guid(4689530a03070416bb041cfc4145d411) Importer(815301076,1909f56bfc062723c751e8b465ee728b)
Start importing Assets/Models/Mobile/mobile_stair_tile_2_wide.fbx using Guid(4689530a03070416bb041cfc4145d411) Importer(815301076,1909f56bfc062723c751e8b465ee728b)  -> (artifact id: '16eef3e381b82fd1c047e53fce43ae59') in 0.022930 seconds 
========================================================================
Received Import Request.
  Time since last request: 0.000103 seconds.
  path: Assets/Models/Mobile/mobile_wall_corner_x.fbx
  artifactKey: Guid(48f8b818b26804261b109fdc027add74) Importer(815301076,1909f56bfc062723c751e8b465ee728b)
Start importing Assets/Models/Mobile/mobile_wall_corner_x.fbx using Guid(48f8b818b26804261b109fdc027add74) Importer(815301076,1909f56bfc062723c751e8b465ee728b)  -> (artifact id: '53d3c4ee2c362ac57ae4096089ea4ea6') in 0.022770 seconds 
========================================================================
Received Import Request.
  Time since last request: 0.000056 seconds.
  path: Assets/Models/Mobile/mobile_floor_divider_01.fbx
  artifactKey: Guid(3e537e0bea1b0497e8bd0041c6591ab1) Importer(815301076,1909f56bfc062723c751e8b465ee728b)
Start importing Assets/Models/Mobile/mobile_floor_divider_01.fbx using Guid(3e537e0bea1b0497e8bd0041c6591ab1) Importer(815301076,1909f56bfc062723c751e8b465ee728b)  -> (artifact id: 'f4f126d0afffc4e13f5428b3990218c7') in 0.021085 seconds 
========================================================================
Received Import Request.
  Time since last request: 0.000085 seconds.
  path: Assets/Models/Mobile/mobile_step_wall_corner_convex_b.fbx
  artifactKey: Guid(8e7c736209bbe448a86e687d55c0d679) Importer(815301076,1909f56bfc062723c751e8b465ee728b)
Start importing Assets/Models/Mobile/mobile_step_wall_corner_convex_b.fbx using Guid(8e7c736209bbe448a86e687d55c0d679) Importer(815301076,1909f56bfc062723c751e8b465ee728b)  -> (artifact id: '294a51529850e77c85ae0e920a49c475') in 0.020892 seconds 
========================================================================
Received Import Request.
  Time since last request: 0.000057 seconds.
  path: Assets/Models/Mobile/mobile_skull_01_b.fbx
  artifactKey: Guid(faf4522a1f6334004a7d035920bdc3df) Importer(815301076,1909f56bfc062723c751e8b465ee728b)
Start importing Assets/Models/Mobile/mobile_skull_01_b.fbx using Guid(faf4522a1f6334004a7d035920bdc3df) Importer(815301076,1909f56bfc062723c751e8b465ee728b)  -> (artifact id: '5dcc6ab334d27f3a00e64152cc7a0f67') in 0.021667 seconds 
========================================================================
Received Import Request.
  Time since last request: 0.000070 seconds.
  path: Assets/Models/Mobile/mobile_lower_wall_tile.fbx
  artifactKey: Guid(db8a8a84ebfbc4d3a8ee88965ea9e767) Importer(815301076,1909f56bfc062723c751e8b465ee728b)
Start importing Assets/Models/Mobile/mobile_lower_wall_tile.fbx using Guid(db8a8a84ebfbc4d3a8ee88965ea9e767) Importer(815301076,1909f56bfc062723c751e8b465ee728b)  -> (artifact id: '0bce8356c1df04bf6493f62b8b08d617') in 0.023079 seconds 
========================================================================
Received Import Request.
  Time since last request: 0.000121 seconds.
  path: Assets/Models/Mobile/mobile_skull_02.fbx
  artifactKey: Guid(fa2990dac41e143049d19d4eb1d85961) Importer(815301076,1909f56bfc062723c751e8b465ee728b)
Start importing Assets/Models/Mobile/mobile_skull_02.fbx using Guid(fa2990dac41e143049d19d4eb1d85961) Importer(815301076,1909f56bfc062723c751e8b465ee728b)  -> (artifact id: '8c2ed69a423cfd96ecb07c61837a516e') in 0.022077 seconds 
========================================================================
Received Import Request.
  Time since last request: 0.000062 seconds.
  path: Assets/Models/Mobile/mobile_floor_02.fbx
  artifactKey: Guid(b4b113e1d399f495b95272328c59ca72) Importer(815301076,1909f56bfc062723c751e8b465ee728b)
Start importing Assets/Models/Mobile/mobile_floor_02.fbx using Guid(b4b113e1d399f495b95272328c59ca72) Importer(815301076,1909f56bfc062723c751e8b465ee728b)  -> (artifact id: 'fd0887610b02aa5e42d2abe683f29779') in 0.021811 seconds 
========================================================================
Received Import Request.
  Time since last request: 15.401868 seconds.
  path: Assets/Models/MayanTemple
  artifactKey: Guid(adf7808570be94f43a854c9d726b7b5a) Importer(815301076,1909f56bfc062723c751e8b465ee728b)
Start importing Assets/Models/MayanTemple using Guid(adf7808570be94f43a854c9d726b7b5a) Importer(815301076,1909f56bfc062723c751e8b465ee728b)  -> (artifact id: '0e1e8357d5bed6bab4648bffad4e7cce') in 0.000806 seconds 
========================================================================
Received Import Request.
  Time since last request: 23.369506 seconds.
  path: Assets/MayanTemple/Models/Standard/arch.fbx
  artifactKey: Guid(38000b18fcaf0463d876955f8856434a) Importer(815301076,1909f56bfc062723c751e8b465ee728b)
Start importing Assets/MayanTemple/Models/Standard/arch.fbx using Guid(38000b18fcaf0463d876955f8856434a) Importer(815301076,1909f56bfc062723c751e8b465ee728b)  -> (artifact id: '3ad33b4bdd1be24ad540e0d06d722f5b') in 0.024042 seconds 
========================================================================
Received Import Request.
  Time since last request: 0.000133 seconds.
  path: Assets/MayanTemple/Models/Standard/floor_03_plane.fbx
  artifactKey: Guid(b805345886b9349b0ac6afb2113a2c7a) Importer(815301076,1909f56bfc062723c751e8b465ee728b)
Start importing Assets/MayanTemple/Models/Standard/floor_03_plane.fbx using Guid(b805345886b9349b0ac6afb2113a2c7a) Importer(815301076,1909f56bfc062723c751e8b465ee728b)  -> (artifact id: '2b3f86f9f44901fb86d01197bd9371bd') in 0.025161 seconds 
========================================================================
Received Import Request.
  Time since last request: 0.000056 seconds.
  path: Assets/MayanTemple/Models/Standard/step_wall_corner_convex.fbx
  artifactKey: Guid(1ddef2ebf4e14415fbade0c186718bf5) Importer(815301076,1909f56bfc062723c751e8b465ee728b)
Start importing Assets/MayanTemple/Models/Standard/step_wall_corner_convex.fbx using Guid(1ddef2ebf4e14415fbade0c186718bf5) Importer(815301076,1909f56bfc062723c751e8b465ee728b)  -> (artifact id: '9d19edd9df4b0c3d5fc2a0cc6fd64e0f') in 0.021538 seconds 
========================================================================
Received Import Request.
  Time since last request: 0.000060 seconds.
  path: Assets/MayanTemple/Models/Standard/wall_end.fbx
  artifactKey: Guid(48da00486848d47f08d01325eabfb275) Importer(815301076,1909f56bfc062723c751e8b465ee728b)
Start importing Assets/MayanTemple/Models/Standard/wall_end.fbx using Guid(48da00486848d47f08d01325eabfb275) Importer(815301076,1909f56bfc062723c751e8b465ee728b)  -> (artifact id: 'fd82c71b3b05dc37428a03769dd847ff') in 0.021726 seconds 
========================================================================
Received Import Request.
  Time since last request: 0.000052 seconds.
  path: Assets/MayanTemple/Models/Standard/skeleton_01.fbx
  artifactKey: Guid(ae6e9c9b1e1a8449ab7c41b5acb4ad0a) Importer(815301076,1909f56bfc062723c751e8b465ee728b)
Start importing Assets/MayanTemple/Models/Standard/skeleton_01.fbx using Guid(ae6e9c9b1e1a8449ab7c41b5acb4ad0a) Importer(815301076,1909f56bfc062723c751e8b465ee728b)  -> (artifact id: '5e1e184b644a1c72e9a891526ecd67db') in 0.038949 seconds 
========================================================================
Received Import Request.
  Time since last request: 0.000066 seconds.
  path: Assets/MayanTemple/Models/Standard/skull_01.fbx
  artifactKey: Guid(2121dc750b06f476a96ed5f1d2e7d1bb) Importer(815301076,1909f56bfc062723c751e8b465ee728b)
Start importing Assets/MayanTemple/Models/Standard/skull_01.fbx using Guid(2121dc750b06f476a96ed5f1d2e7d1bb) Importer(815301076,1909f56bfc062723c751e8b465ee728b)  -> (artifact id: 'c272734b15aaa1e1093c3c9c94bf33fa') in 0.025650 seconds 
========================================================================
Received Import Request.
  Time since last request: 0.000075 seconds.
  path: Assets/MayanTemple/Models/Standard/stair_tile_2_wide.fbx
  artifactKey: Guid(95593a0d8c94748d0ba96a975f25fa71) Importer(815301076,1909f56bfc062723c751e8b465ee728b)
Start importing Assets/MayanTemple/Models/Standard/stair_tile_2_wide.fbx using Guid(95593a0d8c94748d0ba96a975f25fa71) Importer(815301076,1909f56bfc062723c751e8b465ee728b)  -> (artifact id: '9051b742ff5727f2474e5771f60139d0') in 0.018582 seconds 
========================================================================
Received Import Request.
  Time since last request: 0.000062 seconds.
  path: Assets/MayanTemple/Models/Standard/stair_top_2_wide.fbx
  artifactKey: Guid(2186e6c1949464245ba85e327ff5e00d) Importer(815301076,1909f56bfc062723c751e8b465ee728b)
Start importing Assets/MayanTemple/Models/Standard/stair_top_2_wide.fbx using Guid(2186e6c1949464245ba85e327ff5e00d) Importer(815301076,1909f56bfc062723c751e8b465ee728b)  -> (artifact id: '8bbbc3848f7734c8b5f6038239b19c4a') in 0.021591 seconds 
========================================================================
Received Import Request.
  Time since last request: 0.000081 seconds.
  path: Assets/MayanTemple/Models/Standard/stone_head_01.fbx
  artifactKey: Guid(3d20e15dc06b74dce8c71fd6f27cb068) Importer(815301076,1909f56bfc062723c751e8b465ee728b)
Start importing Assets/MayanTemple/Models/Standard/stone_head_01.fbx using Guid(3d20e15dc06b74dce8c71fd6f27cb068) Importer(815301076,1909f56bfc062723c751e8b465ee728b)  -> (artifact id: '5dca8c8a1a31bfc1df8c094003fa91e1') in 0.018741 seconds 
========================================================================
Received Import Request.
  Time since last request: 0.000056 seconds.
  path: Assets/MayanTemple/Models/Standard/tree_02.fbx
  artifactKey: Guid(e8a219645bf8d443584a125df1f38169) Importer(815301076,1909f56bfc062723c751e8b465ee728b)
Start importing Assets/MayanTemple/Models/Standard/tree_02.fbx using Guid(e8a219645bf8d443584a125df1f38169) Importer(815301076,1909f56bfc062723c751e8b465ee728b)  -> (artifact id: 'b8824de12e15dd0c11a8d29f31d9de48') in 0.041358 seconds 
========================================================================
Received Import Request.
  Time since last request: 0.000108 seconds.
  path: Assets/MayanTemple/Models/Standard/floor_02_plane.fbx
  artifactKey: Guid(6a7165b3e25fc4243b0a44316666ec63) Importer(815301076,1909f56bfc062723c751e8b465ee728b)
Start importing Assets/MayanTemple/Models/Standard/floor_02_plane.fbx using Guid(6a7165b3e25fc4243b0a44316666ec63) Importer(815301076,1909f56bfc062723c751e8b465ee728b)  -> (artifact id: 'fb4fd1ce3875763cbfaee91c95000c3e') in 0.018428 seconds 
========================================================================
Received Import Request.
  Time since last request: 0.000051 seconds.
  path: Assets/MayanTemple/Models/Standard/pole_04.fbx
  artifactKey: Guid(45768e427137b480aa9a0b7989e987aa) Importer(815301076,1909f56bfc062723c751e8b465ee728b)
Start importing Assets/MayanTemple/Models/Standard/pole_04.fbx using Guid(45768e427137b480aa9a0b7989e987aa) Importer(815301076,1909f56bfc062723c751e8b465ee728b)  -> (artifact id: 'fbd5a51c4df666e7e226b9ebe35e8076') in 0.020008 seconds 
========================================================================
Received Import Request.
  Time since last request: 0.000064 seconds.
  path: Assets/MayanTemple/Models/Standard/skull_01_b.fbx
  artifactKey: Guid(e6e90eca46f5e4523a634e59c10184dd) Importer(815301076,1909f56bfc062723c751e8b465ee728b)
Start importing Assets/MayanTemple/Models/Standard/skull_01_b.fbx using Guid(e6e90eca46f5e4523a634e59c10184dd) Importer(815301076,1909f56bfc062723c751e8b465ee728b)  -> (artifact id: '1782cba51e24aec39e93071d229cbf7a') in 0.018475 seconds 
========================================================================
Received Import Request.
  Time since last request: 0.000067 seconds.
  path: Assets/MayanTemple/Models/Standard/vines_01.fbx
  artifactKey: Guid(fa22a43ec6d9f40d7bc2e2af88fe2ffc) Importer(815301076,1909f56bfc062723c751e8b465ee728b)
Start importing Assets/MayanTemple/Models/Standard/vines_01.fbx using Guid(fa22a43ec6d9f40d7bc2e2af88fe2ffc) Importer(815301076,1909f56bfc062723c751e8b465ee728b)  -> (artifact id: 'e68424c2b6c4ec02a2d7c3cba7b960e3') in 0.021490 seconds 
========================================================================
Received Import Request.
  Time since last request: 0.000068 seconds.
  path: Assets/MayanTemple/Models/Standard/vines_02.fbx
  artifactKey: Guid(e35efc603e19d4b20b3e632f538554e4) Importer(815301076,1909f56bfc062723c751e8b465ee728b)
Start importing Assets/MayanTemple/Models/Standard/vines_02.fbx using Guid(e35efc603e19d4b20b3e632f538554e4) Importer(815301076,1909f56bfc062723c751e8b465ee728b)  -> (artifact id: '24d4bc6a690e867ac9b08dbd75e8fffb') in 0.025203 seconds 
========================================================================
Received Import Request.
  Time since last request: 0.000134 seconds.
  path: Assets/MayanTemple/Models/Standard/stair_bottom_2_wide.fbx
  artifactKey: Guid(2f0f74f253b28473ca7694766da93eef) Importer(815301076,1909f56bfc062723c751e8b465ee728b)
Start importing Assets/MayanTemple/Models/Standard/stair_bottom_2_wide.fbx using Guid(2f0f74f253b28473ca7694766da93eef) Importer(815301076,1909f56bfc062723c751e8b465ee728b)  -> (artifact id: '0296d58910a754c35ae15004c7070d6e') in 0.024510 seconds 
========================================================================
Received Import Request.
  Time since last request: 0.000053 seconds.
  path: Assets/MayanTemple/Models/Standard/skull_02.fbx
  artifactKey: Guid(4ee01bb4783c84bf18a252d910b2c196) Importer(815301076,1909f56bfc062723c751e8b465ee728b)
Start importing Assets/MayanTemple/Models/Standard/skull_02.fbx using Guid(4ee01bb4783c84bf18a252d910b2c196) Importer(815301076,1909f56bfc062723c751e8b465ee728b)  -> (artifact id: '6b322308b2fc6be750fa1a6ffc17d044') in 0.023830 seconds 
========================================================================
Received Import Request.
  Time since last request: 0.000161 seconds.
  path: Assets/MayanTemple/Models/Standard/entrance.fbx
  artifactKey: Guid(2b2af3e1596eb42ff8bf06f03787fae8) Importer(815301076,1909f56bfc062723c751e8b465ee728b)
Start importing Assets/MayanTemple/Models/Standard/entrance.fbx using Guid(2b2af3e1596eb42ff8bf06f03787fae8) Importer(815301076,1909f56bfc062723c751e8b465ee728b)  -> (artifact id: '52fecf5cbfc97402e10203886485bb9b') in 0.024178 seconds 
========================================================================
Received Import Request.
  Time since last request: 0.000067 seconds.
  path: Assets/MayanTemple/Models/Standard/scaffolding_01.fbx
  artifactKey: Guid(7ca90387954dd44709732e3ac1a81bcc) Importer(815301076,1909f56bfc062723c751e8b465ee728b)
Start importing Assets/MayanTemple/Models/Standard/scaffolding_01.fbx using Guid(7ca90387954dd44709732e3ac1a81bcc) Importer(815301076,1909f56bfc062723c751e8b465ee728b)  -> (artifact id: '9d016f48aaa4c8dc0867f6345cd3c291') in 0.022081 seconds 
========================================================================
Received Import Request.
  Time since last request: 0.000078 seconds.
  path: Assets/MayanTemple/Models/Standard/step_wall_pillar.fbx
  artifactKey: Guid(9e13051c65102411e949827b8ab5fe2e) Importer(815301076,1909f56bfc062723c751e8b465ee728b)
Start importing Assets/MayanTemple/Models/Standard/step_wall_pillar.fbx using Guid(9e13051c65102411e949827b8ab5fe2e) Importer(815301076,1909f56bfc062723c751e8b465ee728b)  -> (artifact id: '5b0de83413a5ab30bc3ef421ba84ddb0') in 0.019088 seconds 
========================================================================
Received Import Request.
  Time since last request: 20.896558 seconds.
  path: Assets/Models/Standard/pole_02.fbx
  artifactKey: Guid(edeae34812e054179a5a9e6b4d0901ed) Importer(815301076,1909f56bfc062723c751e8b465ee728b)
Start importing Assets/Models/Standard/pole_02.fbx using Guid(edeae34812e054179a5a9e6b4d0901ed) Importer(815301076,1909f56bfc062723c751e8b465ee728b)  -> (artifact id: '9bb4a18d22263b29b6a619da6dcae801') in 0.031508 seconds 
========================================================================
Received Import Request.
  Time since last request: 0.000064 seconds.
  path: Assets/Models/Standard/scaffolding_02.fbx
  artifactKey: Guid(a5fa2e5c8bddb45b69352a2bd1fda0cb) Importer(815301076,1909f56bfc062723c751e8b465ee728b)
Start importing Assets/Models/Standard/scaffolding_02.fbx using Guid(a5fa2e5c8bddb45b69352a2bd1fda0cb) Importer(815301076,1909f56bfc062723c751e8b465ee728b)  -> (artifact id: 'b106124c36e23ce789b3e8c9a7246091') in 0.040691 seconds 
========================================================================
Received Import Request.
  Time since last request: 0.000095 seconds.
  path: Assets/Models/Standard/scaffolding_07.fbx
  artifactKey: Guid(10cc227d52cf14f74ae686ea679dd997) Importer(815301076,1909f56bfc062723c751e8b465ee728b)
Start importing Assets/Models/Standard/scaffolding_07.fbx using Guid(10cc227d52cf14f74ae686ea679dd997) Importer(815301076,1909f56bfc062723c751e8b465ee728b)  -> (artifact id: 'd012bf2e57ddddcf5e210d653a8f66a2') in 0.028786 seconds 
========================================================================
Received Import Request.
  Time since last request: 0.000059 seconds.
  path: Assets/Models/Standard/skeleton_01.fbx
  artifactKey: Guid(ae6e9c9b1e1a8449ab7c41b5acb4ad0a) Importer(815301076,1909f56bfc062723c751e8b465ee728b)
Start importing Assets/Models/Standard/skeleton_01.fbx using Guid(ae6e9c9b1e1a8449ab7c41b5acb4ad0a) Importer(815301076,1909f56bfc062723c751e8b465ee728b)  -> (artifact id: '47b7f8e95d396f95d6f81c5fd0de1cc9') in 0.058045 seconds 
========================================================================
Received Import Request.
  Time since last request: 0.000068 seconds.
  path: Assets/Models/Standard/skull_02_b.fbx
  artifactKey: Guid(f188b670ab62d4adba24349ddf9d25c0) Importer(815301076,1909f56bfc062723c751e8b465ee728b)
Start importing Assets/Models/Standard/skull_02_b.fbx using Guid(f188b670ab62d4adba24349ddf9d25c0) Importer(815301076,1909f56bfc062723c751e8b465ee728b)  -> (artifact id: 'c344202a4f98f222a21e82a00e0cc16d') in 0.034528 seconds 
========================================================================
Received Import Request.
  Time since last request: 0.000085 seconds.
  path: Assets/Models/Standard/step_wall_corner_concave.fbx
  artifactKey: Guid(2b5891e84cddc409c85a645169b339d5) Importer(815301076,1909f56bfc062723c751e8b465ee728b)
Start importing Assets/Models/Standard/step_wall_corner_concave.fbx using Guid(2b5891e84cddc409c85a645169b339d5) Importer(815301076,1909f56bfc062723c751e8b465ee728b)  -> (artifact id: '7e2be04bffcf9c456e24f8ab34cbeda4') in 0.027916 seconds 
========================================================================
Received Import Request.
  Time since last request: 0.000075 seconds.
  path: Assets/Models/Standard/step_wall_01.fbx
  artifactKey: Guid(2a51e8a3118af4e45b5ac4bf87fb0ad0) Importer(815301076,1909f56bfc062723c751e8b465ee728b)
Start importing Assets/Models/Standard/step_wall_01.fbx using Guid(2a51e8a3118af4e45b5ac4bf87fb0ad0) Importer(815301076,1909f56bfc062723c751e8b465ee728b)  -> (artifact id: '2f09baf3d4aaf4bb3c9fd5449e9a4efb') in 0.027269 seconds 
========================================================================
Received Import Request.
  Time since last request: 0.000066 seconds.
  path: Assets/Models/Standard/wood_plank_01.fbx
  artifactKey: Guid(fde914d25fb714558bccd3ba96a70b38) Importer(815301076,1909f56bfc062723c751e8b465ee728b)
Start importing Assets/Models/Standard/wood_plank_01.fbx using Guid(fde914d25fb714558bccd3ba96a70b38) Importer(815301076,1909f56bfc062723c751e8b465ee728b)  -> (artifact id: '80489077cb4dbaf7af0d2d6c21918732') in 0.026134 seconds 
========================================================================
Received Import Request.
  Time since last request: 0.000161 seconds.
  path: Assets/Models/Standard/vines_02.fbx
  artifactKey: Guid(e35efc603e19d4b20b3e632f538554e4) Importer(815301076,1909f56bfc062723c751e8b465ee728b)
Start importing Assets/Models/Standard/vines_02.fbx using Guid(e35efc603e19d4b20b3e632f538554e4) Importer(815301076,1909f56bfc062723c751e8b465ee728b)  -> (artifact id: '9a0384bc1fa8481e6f4db7b863909271') in 0.028676 seconds 
========================================================================
Received Import Request.
  Time since last request: 0.000060 seconds.
  path: Assets/Models/Standard/wall_02.fbx
  artifactKey: Guid(16168619851e64fc5975ecc5299dc7f1) Importer(815301076,1909f56bfc062723c751e8b465ee728b)
Start importing Assets/Models/Standard/wall_02.fbx using Guid(16168619851e64fc5975ecc5299dc7f1) Importer(815301076,1909f56bfc062723c751e8b465ee728b)  -> (artifact id: '7b1ccb096bd5d2b61d023b5e3b77e4ab') in 0.030241 seconds 
========================================================================
Received Import Request.
  Time since last request: 0.000066 seconds.
  path: Assets/Models/Standard/rocks_03.fbx
  artifactKey: Guid(396c6808e42944d3db6240a6fac4b165) Importer(815301076,1909f56bfc062723c751e8b465ee728b)
Start importing Assets/Models/Standard/rocks_03.fbx using Guid(396c6808e42944d3db6240a6fac4b165) Importer(815301076,1909f56bfc062723c751e8b465ee728b)  -> (artifact id: '5174423df6fba39fe6eec26fda772a5d') in 0.031570 seconds 
========================================================================
Received Import Request.
  Time since last request: 0.000099 seconds.
  path: Assets/Models/Standard/step_wall_02.fbx
  artifactKey: Guid(065fbb5d7c88e42439d2030af1db0c7c) Importer(815301076,1909f56bfc062723c751e8b465ee728b)
Start importing Assets/Models/Standard/step_wall_02.fbx using Guid(065fbb5d7c88e42439d2030af1db0c7c) Importer(815301076,1909f56bfc062723c751e8b465ee728b)  -> (artifact id: '2fdc70b7ee6333e47d2d664abc1e0f94') in 0.028481 seconds 
Editor requested this worker to shutdown with reason: Scaling down because of idle timeout
AssetImportWorker is now disconnected from the server
Process exiting
